{"C:\\Users\\vibhu\\Desktop\\soal\\milestone4\\black-jack\\app.js": {"path":"C:\\Users\\vibhu\\Desktop\\soal\\milestone4\\black-jack\\app.js","statementMap":{"0":{"start":{"line":4,"column":10},"end":{"line":4,"column":128}},"1":{"start":{"line":9,"column":0},"end":{"line":11,"column":5}},"2":{"start":{"line":10,"column":3},"end":{"line":10,"column":12}},"3":{"start":{"line":15,"column":18},"end":{"line":15,"column":58}},"4":{"start":{"line":16,"column":8},"end":{"line":16,"column":44}},"5":{"start":{"line":17,"column":9},"end":{"line":17,"column":45}},"6":{"start":{"line":18,"column":11},"end":{"line":18,"column":43}},"7":{"start":{"line":19,"column":17},"end":{"line":19,"column":55}},"8":{"start":{"line":20,"column":12},"end":{"line":20,"column":46}},"9":{"start":{"line":21,"column":12},"end":{"line":21,"column":46}},"10":{"start":{"line":22,"column":9},"end":{"line":22,"column":47}},"11":{"start":{"line":23,"column":6},"end":{"line":23,"column":7}},"12":{"start":{"line":24,"column":6},"end":{"line":24,"column":7}},"13":{"start":{"line":25,"column":6},"end":{"line":25,"column":7}},"14":{"start":{"line":26,"column":16},"end":{"line":26,"column":17}},"15":{"start":{"line":27,"column":7},"end":{"line":27,"column":8}},"16":{"start":{"line":28,"column":8},"end":{"line":28,"column":9}},"17":{"start":{"line":29,"column":8},"end":{"line":29,"column":9}},"18":{"start":{"line":30,"column":10},"end":{"line":30,"column":11}},"19":{"start":{"line":31,"column":10},"end":{"line":31,"column":11}},"20":{"start":{"line":32,"column":10},"end":{"line":32,"column":11}},"21":{"start":{"line":33,"column":6},"end":{"line":33,"column":7}},"22":{"start":{"line":37,"column":9},"end":{"line":37,"column":46}},"23":{"start":{"line":38,"column":9},"end":{"line":38,"column":45}},"24":{"start":{"line":39,"column":11},"end":{"line":39,"column":46}},"25":{"start":{"line":44,"column":0},"end":{"line":44,"column":40}},"26":{"start":{"line":47,"column":16},"end":{"line":47,"column":44}},"27":{"start":{"line":48,"column":2},"end":{"line":48,"column":34}},"28":{"start":{"line":49,"column":13},"end":{"line":49,"column":42}},"29":{"start":{"line":50,"column":2},"end":{"line":50,"column":60}},"30":{"start":{"line":51,"column":2},"end":{"line":51,"column":52}},"31":{"start":{"line":52,"column":2},"end":{"line":52,"column":43}},"32":{"start":{"line":53,"column":2},"end":{"line":53,"column":44}},"33":{"start":{"line":55,"column":2},"end":{"line":55,"column":38}},"34":{"start":{"line":56,"column":4},"end":{"line":56,"column":51}},"35":{"start":{"line":65,"column":9},"end":{"line":65,"column":37}},"36":{"start":{"line":66,"column":3},"end":{"line":66,"column":32}},"37":{"start":{"line":67,"column":12},"end":{"line":67,"column":41}},"38":{"start":{"line":68,"column":3},"end":{"line":68,"column":15}},"39":{"start":{"line":69,"column":3},"end":{"line":69,"column":54}},"40":{"start":{"line":70,"column":3},"end":{"line":70,"column":46}},"41":{"start":{"line":71,"column":3},"end":{"line":71,"column":43}},"42":{"start":{"line":72,"column":3},"end":{"line":76,"column":27}},"43":{"start":{"line":73,"column":4},"end":{"line":73,"column":34}},"44":{"start":{"line":74,"column":3},"end":{"line":74,"column":24}},"45":{"start":{"line":75,"column":3},"end":{"line":75,"column":22}},"46":{"start":{"line":76,"column":3},"end":{"line":76,"column":26}},"47":{"start":{"line":77,"column":3},"end":{"line":77,"column":17}},"48":{"start":{"line":78,"column":3},"end":{"line":83,"column":2}},"49":{"start":{"line":79,"column":3},"end":{"line":79,"column":24}},"50":{"start":{"line":80,"column":3},"end":{"line":80,"column":22}},"51":{"start":{"line":81,"column":3},"end":{"line":81,"column":33}},"52":{"start":{"line":82,"column":3},"end":{"line":82,"column":27}},"53":{"start":{"line":90,"column":2},"end":{"line":146,"column":3}},"54":{"start":{"line":92,"column":4},"end":{"line":92,"column":12}},"55":{"start":{"line":94,"column":6},"end":{"line":94,"column":12}},"56":{"start":{"line":96,"column":6},"end":{"line":96,"column":14}},"57":{"start":{"line":98,"column":6},"end":{"line":98,"column":12}},"58":{"start":{"line":100,"column":6},"end":{"line":100,"column":14}},"59":{"start":{"line":102,"column":6},"end":{"line":102,"column":12}},"60":{"start":{"line":104,"column":6},"end":{"line":104,"column":14}},"61":{"start":{"line":106,"column":6},"end":{"line":106,"column":12}},"62":{"start":{"line":108,"column":6},"end":{"line":108,"column":14}},"63":{"start":{"line":110,"column":6},"end":{"line":110,"column":12}},"64":{"start":{"line":112,"column":6},"end":{"line":112,"column":14}},"65":{"start":{"line":114,"column":6},"end":{"line":114,"column":12}},"66":{"start":{"line":116,"column":6},"end":{"line":116,"column":14}},"67":{"start":{"line":118,"column":6},"end":{"line":118,"column":12}},"68":{"start":{"line":120,"column":6},"end":{"line":120,"column":14}},"69":{"start":{"line":122,"column":6},"end":{"line":122,"column":12}},"70":{"start":{"line":124,"column":6},"end":{"line":124,"column":15}},"71":{"start":{"line":126,"column":6},"end":{"line":126,"column":12}},"72":{"start":{"line":128,"column":6},"end":{"line":128,"column":15}},"73":{"start":{"line":130,"column":6},"end":{"line":130,"column":12}},"74":{"start":{"line":132,"column":6},"end":{"line":132,"column":15}},"75":{"start":{"line":134,"column":6},"end":{"line":134,"column":12}},"76":{"start":{"line":136,"column":6},"end":{"line":136,"column":15}},"77":{"start":{"line":138,"column":6},"end":{"line":138,"column":12}},"78":{"start":{"line":140,"column":6},"end":{"line":140,"column":15}},"79":{"start":{"line":142,"column":6},"end":{"line":142,"column":12}},"80":{"start":{"line":144,"column":6},"end":{"line":144,"column":29}},"81":{"start":{"line":145,"column":6},"end":{"line":145,"column":12}},"82":{"start":{"line":150,"column":2},"end":{"line":155,"column":14}},"83":{"start":{"line":151,"column":4},"end":{"line":151,"column":31}},"84":{"start":{"line":152,"column":4},"end":{"line":152,"column":16}},"85":{"start":{"line":154,"column":4},"end":{"line":154,"column":9}},"86":{"start":{"line":155,"column":4},"end":{"line":155,"column":13}},"87":{"start":{"line":156,"column":2},"end":{"line":161,"column":14}},"88":{"start":{"line":157,"column":4},"end":{"line":157,"column":32}},"89":{"start":{"line":158,"column":4},"end":{"line":158,"column":16}},"90":{"start":{"line":160,"column":4},"end":{"line":160,"column":9}},"91":{"start":{"line":161,"column":4},"end":{"line":161,"column":13}},"92":{"start":{"line":162,"column":2},"end":{"line":167,"column":14}},"93":{"start":{"line":163,"column":4},"end":{"line":163,"column":32}},"94":{"start":{"line":164,"column":4},"end":{"line":164,"column":16}},"95":{"start":{"line":166,"column":4},"end":{"line":166,"column":9}},"96":{"start":{"line":167,"column":4},"end":{"line":167,"column":13}},"97":{"start":{"line":168,"column":4},"end":{"line":171,"column":3}},"98":{"start":{"line":170,"column":4},"end":{"line":170,"column":14}},"99":{"start":{"line":178,"column":4},"end":{"line":234,"column":5}},"100":{"start":{"line":180,"column":6},"end":{"line":180,"column":12}},"101":{"start":{"line":181,"column":6},"end":{"line":181,"column":28}},"102":{"start":{"line":182,"column":8},"end":{"line":182,"column":14}},"103":{"start":{"line":184,"column":8},"end":{"line":184,"column":14}},"104":{"start":{"line":185,"column":6},"end":{"line":185,"column":28}},"105":{"start":{"line":186,"column":8},"end":{"line":186,"column":14}},"106":{"start":{"line":188,"column":8},"end":{"line":188,"column":14}},"107":{"start":{"line":189,"column":6},"end":{"line":189,"column":28}},"108":{"start":{"line":190,"column":8},"end":{"line":190,"column":14}},"109":{"start":{"line":192,"column":8},"end":{"line":192,"column":14}},"110":{"start":{"line":193,"column":6},"end":{"line":193,"column":28}},"111":{"start":{"line":194,"column":8},"end":{"line":194,"column":14}},"112":{"start":{"line":196,"column":8},"end":{"line":196,"column":14}},"113":{"start":{"line":197,"column":6},"end":{"line":197,"column":28}},"114":{"start":{"line":198,"column":8},"end":{"line":198,"column":14}},"115":{"start":{"line":200,"column":8},"end":{"line":200,"column":14}},"116":{"start":{"line":201,"column":6},"end":{"line":201,"column":28}},"117":{"start":{"line":202,"column":8},"end":{"line":202,"column":14}},"118":{"start":{"line":204,"column":8},"end":{"line":204,"column":14}},"119":{"start":{"line":205,"column":6},"end":{"line":205,"column":28}},"120":{"start":{"line":206,"column":8},"end":{"line":206,"column":14}},"121":{"start":{"line":208,"column":8},"end":{"line":208,"column":14}},"122":{"start":{"line":209,"column":6},"end":{"line":209,"column":28}},"123":{"start":{"line":210,"column":8},"end":{"line":210,"column":14}},"124":{"start":{"line":212,"column":8},"end":{"line":212,"column":15}},"125":{"start":{"line":213,"column":6},"end":{"line":213,"column":28}},"126":{"start":{"line":214,"column":8},"end":{"line":214,"column":14}},"127":{"start":{"line":216,"column":8},"end":{"line":216,"column":15}},"128":{"start":{"line":217,"column":6},"end":{"line":217,"column":28}},"129":{"start":{"line":218,"column":8},"end":{"line":218,"column":14}},"130":{"start":{"line":220,"column":8},"end":{"line":220,"column":15}},"131":{"start":{"line":221,"column":6},"end":{"line":221,"column":28}},"132":{"start":{"line":222,"column":8},"end":{"line":222,"column":14}},"133":{"start":{"line":224,"column":8},"end":{"line":224,"column":15}},"134":{"start":{"line":225,"column":6},"end":{"line":225,"column":28}},"135":{"start":{"line":226,"column":8},"end":{"line":226,"column":14}},"136":{"start":{"line":228,"column":8},"end":{"line":228,"column":15}},"137":{"start":{"line":229,"column":6},"end":{"line":229,"column":28}},"138":{"start":{"line":230,"column":8},"end":{"line":230,"column":14}},"139":{"start":{"line":232,"column":8},"end":{"line":232,"column":31}},"140":{"start":{"line":233,"column":8},"end":{"line":233,"column":14}},"141":{"start":{"line":238,"column":4},"end":{"line":243,"column":13}},"142":{"start":{"line":239,"column":4},"end":{"line":239,"column":31}},"143":{"start":{"line":240,"column":4},"end":{"line":240,"column":16}},"144":{"start":{"line":241,"column":4},"end":{"line":241,"column":24}},"145":{"start":{"line":242,"column":4},"end":{"line":242,"column":9}},"146":{"start":{"line":243,"column":4},"end":{"line":243,"column":12}},"147":{"start":{"line":244,"column":4},"end":{"line":249,"column":13}},"148":{"start":{"line":245,"column":4},"end":{"line":245,"column":32}},"149":{"start":{"line":246,"column":4},"end":{"line":246,"column":16}},"150":{"start":{"line":247,"column":4},"end":{"line":247,"column":24}},"151":{"start":{"line":248,"column":4},"end":{"line":248,"column":9}},"152":{"start":{"line":249,"column":4},"end":{"line":249,"column":12}},"153":{"start":{"line":251,"column":4},"end":{"line":255,"column":3}},"154":{"start":{"line":252,"column":6},"end":{"line":252,"column":34}},"155":{"start":{"line":253,"column":4},"end":{"line":253,"column":24}},"156":{"start":{"line":254,"column":4},"end":{"line":254,"column":13}},"157":{"start":{"line":262,"column":2},"end":{"line":318,"column":3}},"158":{"start":{"line":264,"column":4},"end":{"line":264,"column":10}},"159":{"start":{"line":265,"column":4},"end":{"line":265,"column":26}},"160":{"start":{"line":266,"column":6},"end":{"line":266,"column":12}},"161":{"start":{"line":268,"column":6},"end":{"line":268,"column":12}},"162":{"start":{"line":269,"column":4},"end":{"line":269,"column":26}},"163":{"start":{"line":270,"column":6},"end":{"line":270,"column":12}},"164":{"start":{"line":272,"column":6},"end":{"line":272,"column":12}},"165":{"start":{"line":273,"column":4},"end":{"line":273,"column":26}},"166":{"start":{"line":274,"column":6},"end":{"line":274,"column":12}},"167":{"start":{"line":276,"column":6},"end":{"line":276,"column":12}},"168":{"start":{"line":277,"column":4},"end":{"line":277,"column":26}},"169":{"start":{"line":278,"column":6},"end":{"line":278,"column":12}},"170":{"start":{"line":280,"column":6},"end":{"line":280,"column":12}},"171":{"start":{"line":281,"column":4},"end":{"line":281,"column":26}},"172":{"start":{"line":282,"column":6},"end":{"line":282,"column":12}},"173":{"start":{"line":284,"column":6},"end":{"line":284,"column":12}},"174":{"start":{"line":285,"column":4},"end":{"line":285,"column":26}},"175":{"start":{"line":286,"column":6},"end":{"line":286,"column":12}},"176":{"start":{"line":288,"column":6},"end":{"line":288,"column":12}},"177":{"start":{"line":289,"column":4},"end":{"line":289,"column":26}},"178":{"start":{"line":290,"column":6},"end":{"line":290,"column":12}},"179":{"start":{"line":292,"column":6},"end":{"line":292,"column":12}},"180":{"start":{"line":293,"column":4},"end":{"line":293,"column":26}},"181":{"start":{"line":294,"column":6},"end":{"line":294,"column":12}},"182":{"start":{"line":296,"column":6},"end":{"line":296,"column":13}},"183":{"start":{"line":297,"column":4},"end":{"line":297,"column":26}},"184":{"start":{"line":298,"column":6},"end":{"line":298,"column":12}},"185":{"start":{"line":300,"column":6},"end":{"line":300,"column":13}},"186":{"start":{"line":301,"column":4},"end":{"line":301,"column":26}},"187":{"start":{"line":302,"column":6},"end":{"line":302,"column":12}},"188":{"start":{"line":304,"column":6},"end":{"line":304,"column":13}},"189":{"start":{"line":305,"column":4},"end":{"line":305,"column":26}},"190":{"start":{"line":306,"column":6},"end":{"line":306,"column":12}},"191":{"start":{"line":308,"column":6},"end":{"line":308,"column":13}},"192":{"start":{"line":309,"column":4},"end":{"line":309,"column":26}},"193":{"start":{"line":310,"column":6},"end":{"line":310,"column":12}},"194":{"start":{"line":312,"column":6},"end":{"line":312,"column":13}},"195":{"start":{"line":313,"column":4},"end":{"line":313,"column":26}},"196":{"start":{"line":314,"column":6},"end":{"line":314,"column":12}},"197":{"start":{"line":316,"column":6},"end":{"line":316,"column":29}},"198":{"start":{"line":317,"column":6},"end":{"line":317,"column":12}},"199":{"start":{"line":322,"column":4},"end":{"line":327,"column":13}},"200":{"start":{"line":323,"column":4},"end":{"line":323,"column":31}},"201":{"start":{"line":324,"column":4},"end":{"line":324,"column":24}},"202":{"start":{"line":325,"column":4},"end":{"line":325,"column":15}},"203":{"start":{"line":326,"column":4},"end":{"line":326,"column":10}},"204":{"start":{"line":327,"column":4},"end":{"line":327,"column":12}},"205":{"start":{"line":328,"column":4},"end":{"line":333,"column":13}},"206":{"start":{"line":329,"column":4},"end":{"line":329,"column":33}},"207":{"start":{"line":330,"column":4},"end":{"line":330,"column":24}},"208":{"start":{"line":331,"column":4},"end":{"line":331,"column":15}},"209":{"start":{"line":332,"column":4},"end":{"line":332,"column":10}},"210":{"start":{"line":333,"column":4},"end":{"line":333,"column":12}},"211":{"start":{"line":334,"column":4},"end":{"line":339,"column":13}},"212":{"start":{"line":335,"column":4},"end":{"line":335,"column":32}},"213":{"start":{"line":336,"column":4},"end":{"line":336,"column":24}},"214":{"start":{"line":337,"column":4},"end":{"line":337,"column":15}},"215":{"start":{"line":338,"column":4},"end":{"line":338,"column":10}},"216":{"start":{"line":339,"column":4},"end":{"line":339,"column":12}},"217":{"start":{"line":340,"column":4},"end":{"line":345,"column":13}},"218":{"start":{"line":341,"column":4},"end":{"line":341,"column":32}},"219":{"start":{"line":342,"column":4},"end":{"line":342,"column":24}},"220":{"start":{"line":343,"column":4},"end":{"line":343,"column":15}},"221":{"start":{"line":344,"column":4},"end":{"line":344,"column":10}},"222":{"start":{"line":345,"column":4},"end":{"line":345,"column":12}},"223":{"start":{"line":346,"column":4},"end":{"line":350,"column":3}},"224":{"start":{"line":347,"column":6},"end":{"line":347,"column":34}},"225":{"start":{"line":348,"column":4},"end":{"line":348,"column":24}},"226":{"start":{"line":349,"column":4},"end":{"line":349,"column":13}},"227":{"start":{"line":356,"column":2},"end":{"line":356,"column":7}},"228":{"start":{"line":357,"column":2},"end":{"line":361,"column":3}},"229":{"start":{"line":358,"column":4},"end":{"line":358,"column":31}},"230":{"start":{"line":359,"column":4},"end":{"line":359,"column":31}},"231":{"start":{"line":360,"column":4},"end":{"line":360,"column":15}},"232":{"start":{"line":362,"column":2},"end":{"line":365,"column":3}},"233":{"start":{"line":363,"column":4},"end":{"line":363,"column":25}},"234":{"start":{"line":364,"column":4},"end":{"line":364,"column":15}},"235":{"start":{"line":366,"column":2},"end":{"line":369,"column":3}},"236":{"start":{"line":367,"column":4},"end":{"line":367,"column":31}},"237":{"start":{"line":368,"column":4},"end":{"line":368,"column":15}},"238":{"start":{"line":370,"column":2},"end":{"line":373,"column":3}},"239":{"start":{"line":371,"column":4},"end":{"line":371,"column":31}},"240":{"start":{"line":372,"column":4},"end":{"line":372,"column":15}},"241":{"start":{"line":374,"column":2},"end":{"line":377,"column":3}},"242":{"start":{"line":375,"column":4},"end":{"line":375,"column":30}},"243":{"start":{"line":376,"column":4},"end":{"line":376,"column":15}},"244":{"start":{"line":378,"column":2},"end":{"line":378,"column":11}},"245":{"start":{"line":384,"column":2},"end":{"line":387,"column":3}},"246":{"start":{"line":385,"column":4},"end":{"line":385,"column":16}},"247":{"start":{"line":386,"column":4},"end":{"line":386,"column":31}},"248":{"start":{"line":388,"column":2},"end":{"line":391,"column":3}},"249":{"start":{"line":389,"column":4},"end":{"line":389,"column":15}},"250":{"start":{"line":390,"column":4},"end":{"line":390,"column":38}},"251":{"start":{"line":392,"column":4},"end":{"line":395,"column":5}},"252":{"start":{"line":393,"column":6},"end":{"line":393,"column":17}},"253":{"start":{"line":394,"column":6},"end":{"line":394,"column":40}},"254":{"start":{"line":396,"column":4},"end":{"line":399,"column":5}},"255":{"start":{"line":397,"column":6},"end":{"line":397,"column":17}},"256":{"start":{"line":398,"column":6},"end":{"line":398,"column":39}},"257":{"start":{"line":400,"column":4},"end":{"line":403,"column":5}},"258":{"start":{"line":401,"column":6},"end":{"line":401,"column":17}},"259":{"start":{"line":402,"column":6},"end":{"line":402,"column":39}},"260":{"start":{"line":404,"column":4},"end":{"line":407,"column":5}},"261":{"start":{"line":405,"column":6},"end":{"line":405,"column":17}},"262":{"start":{"line":406,"column":6},"end":{"line":406,"column":40}},"263":{"start":{"line":408,"column":6},"end":{"line":411,"column":7}},"264":{"start":{"line":409,"column":8},"end":{"line":409,"column":19}},"265":{"start":{"line":410,"column":8},"end":{"line":410,"column":42}},"266":{"start":{"line":418,"column":2},"end":{"line":418,"column":33}},"267":{"start":{"line":419,"column":3},"end":{"line":422,"column":4}},"268":{"start":{"line":420,"column":5},"end":{"line":420,"column":19}},"269":{"start":{"line":421,"column":5},"end":{"line":421,"column":59}},"270":{"start":{"line":423,"column":3},"end":{"line":426,"column":4}},"271":{"start":{"line":424,"column":5},"end":{"line":424,"column":19}},"272":{"start":{"line":425,"column":5},"end":{"line":425,"column":52}},"273":{"start":{"line":427,"column":3},"end":{"line":430,"column":4}},"274":{"start":{"line":428,"column":5},"end":{"line":428,"column":19}},"275":{"start":{"line":429,"column":5},"end":{"line":429,"column":54}},"276":{"start":{"line":431,"column":3},"end":{"line":436,"column":4}},"277":{"start":{"line":432,"column":5},"end":{"line":432,"column":11}},"278":{"start":{"line":433,"column":5},"end":{"line":433,"column":49}},"279":{"start":{"line":434,"column":5},"end":{"line":434,"column":49}},"280":{"start":{"line":435,"column":5},"end":{"line":435,"column":48}},"281":{"start":{"line":438,"column":10},"end":{"line":438,"column":42}},"282":{"start":{"line":439,"column":3},"end":{"line":442,"column":4}},"283":{"start":{"line":441,"column":5},"end":{"line":441,"column":20}},"284":{"start":{"line":444,"column":3},"end":{"line":444,"column":23}},"285":{"start":{"line":445,"column":3},"end":{"line":445,"column":23}},"286":{"start":{"line":446,"column":3},"end":{"line":446,"column":28}},"287":{"start":{"line":447,"column":3},"end":{"line":447,"column":29}},"288":{"start":{"line":448,"column":3},"end":{"line":448,"column":7}},"289":{"start":{"line":449,"column":3},"end":{"line":449,"column":7}},"290":{"start":{"line":450,"column":3},"end":{"line":450,"column":7}},"291":{"start":{"line":451,"column":3},"end":{"line":451,"column":9}},"292":{"start":{"line":452,"column":3},"end":{"line":452,"column":9}},"293":{"start":{"line":453,"column":3},"end":{"line":453,"column":10}},"294":{"start":{"line":454,"column":3},"end":{"line":454,"column":17}},"295":{"start":{"line":455,"column":3},"end":{"line":455,"column":53}},"296":{"start":{"line":458,"column":0},"end":{"line":458,"column":25}},"297":{"start":{"line":459,"column":0},"end":{"line":459,"column":22}}},"fnMap":{"0":{"name":"(anonymous_0)","decl":{"start":{"line":9,"column":32},"end":{"line":9,"column":33}},"loc":{"start":{"line":9,"column":42},"end":{"line":11,"column":3}},"line":9},"1":{"name":"dealer","decl":{"start":{"line":45,"column":10},"end":{"line":45,"column":16}},"loc":{"start":{"line":45,"column":19},"end":{"line":59,"column":1}},"line":45},"2":{"name":"random","decl":{"start":{"line":63,"column":9},"end":{"line":63,"column":15}},"loc":{"start":{"line":64,"column":0},"end":{"line":84,"column":1}},"line":64},"3":{"name":"dealerAddscores","decl":{"start":{"line":89,"column":9},"end":{"line":89,"column":24}},"loc":{"start":{"line":89,"column":31},"end":{"line":173,"column":1}},"line":89},"4":{"name":"p1addscore","decl":{"start":{"line":177,"column":9},"end":{"line":177,"column":19}},"loc":{"start":{"line":177,"column":25},"end":{"line":256,"column":1}},"line":177},"5":{"name":"p2addscore","decl":{"start":{"line":260,"column":9},"end":{"line":260,"column":19}},"loc":{"start":{"line":260,"column":25},"end":{"line":351,"column":1}},"line":260},"6":{"name":"hold","decl":{"start":{"line":355,"column":9},"end":{"line":355,"column":13}},"loc":{"start":{"line":355,"column":15},"end":{"line":379,"column":1}},"line":355},"7":{"name":"wincheck","decl":{"start":{"line":383,"column":9},"end":{"line":383,"column":17}},"loc":{"start":{"line":383,"column":38},"end":{"line":412,"column":1}},"line":383},"8":{"name":"playagain","decl":{"start":{"line":417,"column":9},"end":{"line":417,"column":18}},"loc":{"start":{"line":417,"column":20},"end":{"line":456,"column":1}},"line":417}},"branchMap":{"0":{"loc":{"start":{"line":72,"column":3},"end":{"line":76,"column":27}},"type":"if","locations":[{"start":{"line":72,"column":3},"end":{"line":76,"column":27}},{"start":{"line":72,"column":3},"end":{"line":76,"column":27}}],"line":72},"1":{"loc":{"start":{"line":78,"column":3},"end":{"line":83,"column":2}},"type":"if","locations":[{"start":{"line":78,"column":3},"end":{"line":83,"column":2}},{"start":{"line":78,"column":3},"end":{"line":83,"column":2}}],"line":78},"2":{"loc":{"start":{"line":90,"column":2},"end":{"line":146,"column":3}},"type":"switch","locations":[{"start":{"line":91,"column":4},"end":{"line":94,"column":12}},{"start":{"line":95,"column":6},"end":{"line":98,"column":12}},{"start":{"line":99,"column":6},"end":{"line":102,"column":12}},{"start":{"line":103,"column":6},"end":{"line":106,"column":12}},{"start":{"line":107,"column":6},"end":{"line":110,"column":12}},{"start":{"line":111,"column":6},"end":{"line":114,"column":12}},{"start":{"line":115,"column":6},"end":{"line":118,"column":12}},{"start":{"line":119,"column":6},"end":{"line":122,"column":12}},{"start":{"line":123,"column":6},"end":{"line":126,"column":12}},{"start":{"line":127,"column":6},"end":{"line":130,"column":12}},{"start":{"line":131,"column":6},"end":{"line":134,"column":12}},{"start":{"line":135,"column":6},"end":{"line":138,"column":12}},{"start":{"line":139,"column":6},"end":{"line":142,"column":12}},{"start":{"line":143,"column":4},"end":{"line":145,"column":12}}],"line":90},"3":{"loc":{"start":{"line":150,"column":2},"end":{"line":155,"column":14}},"type":"if","locations":[{"start":{"line":150,"column":2},"end":{"line":155,"column":14}},{"start":{"line":150,"column":2},"end":{"line":155,"column":14}}],"line":150},"4":{"loc":{"start":{"line":156,"column":2},"end":{"line":161,"column":14}},"type":"if","locations":[{"start":{"line":156,"column":2},"end":{"line":161,"column":14}},{"start":{"line":156,"column":2},"end":{"line":161,"column":14}}],"line":156},"5":{"loc":{"start":{"line":156,"column":5},"end":{"line":156,"column":27}},"type":"binary-expr","locations":[{"start":{"line":156,"column":5},"end":{"line":156,"column":10}},{"start":{"line":156,"column":14},"end":{"line":156,"column":18}},{"start":{"line":156,"column":22},"end":{"line":156,"column":27}}],"line":156},"6":{"loc":{"start":{"line":162,"column":2},"end":{"line":167,"column":14}},"type":"if","locations":[{"start":{"line":162,"column":2},"end":{"line":167,"column":14}},{"start":{"line":162,"column":2},"end":{"line":167,"column":14}}],"line":162},"7":{"loc":{"start":{"line":162,"column":5},"end":{"line":162,"column":28}},"type":"binary-expr","locations":[{"start":{"line":162,"column":5},"end":{"line":162,"column":10}},{"start":{"line":162,"column":14},"end":{"line":162,"column":18}},{"start":{"line":162,"column":22},"end":{"line":162,"column":28}}],"line":162},"8":{"loc":{"start":{"line":168,"column":4},"end":{"line":171,"column":3}},"type":"if","locations":[{"start":{"line":168,"column":4},"end":{"line":171,"column":3}},{"start":{"line":168,"column":4},"end":{"line":171,"column":3}}],"line":168},"9":{"loc":{"start":{"line":178,"column":4},"end":{"line":234,"column":5}},"type":"switch","locations":[{"start":{"line":179,"column":6},"end":{"line":182,"column":14}},{"start":{"line":183,"column":8},"end":{"line":186,"column":14}},{"start":{"line":187,"column":8},"end":{"line":190,"column":14}},{"start":{"line":191,"column":8},"end":{"line":194,"column":14}},{"start":{"line":195,"column":8},"end":{"line":198,"column":14}},{"start":{"line":199,"column":8},"end":{"line":202,"column":14}},{"start":{"line":203,"column":8},"end":{"line":206,"column":14}},{"start":{"line":207,"column":8},"end":{"line":210,"column":14}},{"start":{"line":211,"column":8},"end":{"line":214,"column":14}},{"start":{"line":215,"column":8},"end":{"line":218,"column":14}},{"start":{"line":219,"column":8},"end":{"line":222,"column":14}},{"start":{"line":223,"column":8},"end":{"line":226,"column":14}},{"start":{"line":227,"column":8},"end":{"line":230,"column":14}},{"start":{"line":231,"column":6},"end":{"line":233,"column":14}}],"line":178},"10":{"loc":{"start":{"line":238,"column":4},"end":{"line":243,"column":13}},"type":"if","locations":[{"start":{"line":238,"column":4},"end":{"line":243,"column":13}},{"start":{"line":238,"column":4},"end":{"line":243,"column":13}}],"line":238},"11":{"loc":{"start":{"line":238,"column":7},"end":{"line":238,"column":29}},"type":"binary-expr","locations":[{"start":{"line":238,"column":7},"end":{"line":238,"column":11}},{"start":{"line":238,"column":15},"end":{"line":238,"column":19}},{"start":{"line":238,"column":23},"end":{"line":238,"column":29}}],"line":238},"12":{"loc":{"start":{"line":244,"column":4},"end":{"line":249,"column":13}},"type":"if","locations":[{"start":{"line":244,"column":4},"end":{"line":249,"column":13}},{"start":{"line":244,"column":4},"end":{"line":249,"column":13}}],"line":244},"13":{"loc":{"start":{"line":244,"column":7},"end":{"line":244,"column":29}},"type":"binary-expr","locations":[{"start":{"line":244,"column":7},"end":{"line":244,"column":11}},{"start":{"line":244,"column":15},"end":{"line":244,"column":20}},{"start":{"line":244,"column":24},"end":{"line":244,"column":29}}],"line":244},"14":{"loc":{"start":{"line":251,"column":4},"end":{"line":255,"column":3}},"type":"if","locations":[{"start":{"line":251,"column":4},"end":{"line":255,"column":3}},{"start":{"line":251,"column":4},"end":{"line":255,"column":3}}],"line":251},"15":{"loc":{"start":{"line":262,"column":2},"end":{"line":318,"column":3}},"type":"switch","locations":[{"start":{"line":263,"column":4},"end":{"line":266,"column":12}},{"start":{"line":267,"column":6},"end":{"line":270,"column":12}},{"start":{"line":271,"column":6},"end":{"line":274,"column":12}},{"start":{"line":275,"column":6},"end":{"line":278,"column":12}},{"start":{"line":279,"column":6},"end":{"line":282,"column":12}},{"start":{"line":283,"column":6},"end":{"line":286,"column":12}},{"start":{"line":287,"column":6},"end":{"line":290,"column":12}},{"start":{"line":291,"column":6},"end":{"line":294,"column":12}},{"start":{"line":295,"column":6},"end":{"line":298,"column":12}},{"start":{"line":299,"column":6},"end":{"line":302,"column":12}},{"start":{"line":303,"column":6},"end":{"line":306,"column":12}},{"start":{"line":307,"column":6},"end":{"line":310,"column":12}},{"start":{"line":311,"column":6},"end":{"line":314,"column":12}},{"start":{"line":315,"column":4},"end":{"line":317,"column":12}}],"line":262},"16":{"loc":{"start":{"line":322,"column":4},"end":{"line":327,"column":13}},"type":"if","locations":[{"start":{"line":322,"column":4},"end":{"line":327,"column":13}},{"start":{"line":322,"column":4},"end":{"line":327,"column":13}}],"line":322},"17":{"loc":{"start":{"line":322,"column":7},"end":{"line":322,"column":29}},"type":"binary-expr","locations":[{"start":{"line":322,"column":7},"end":{"line":322,"column":11}},{"start":{"line":322,"column":15},"end":{"line":322,"column":19}},{"start":{"line":322,"column":23},"end":{"line":322,"column":29}}],"line":322},"18":{"loc":{"start":{"line":328,"column":4},"end":{"line":333,"column":13}},"type":"if","locations":[{"start":{"line":328,"column":4},"end":{"line":333,"column":13}},{"start":{"line":328,"column":4},"end":{"line":333,"column":13}}],"line":328},"19":{"loc":{"start":{"line":328,"column":7},"end":{"line":328,"column":19}},"type":"binary-expr","locations":[{"start":{"line":328,"column":7},"end":{"line":328,"column":11}},{"start":{"line":328,"column":15},"end":{"line":328,"column":19}}],"line":328},"20":{"loc":{"start":{"line":334,"column":4},"end":{"line":339,"column":13}},"type":"if","locations":[{"start":{"line":334,"column":4},"end":{"line":339,"column":13}},{"start":{"line":334,"column":4},"end":{"line":339,"column":13}}],"line":334},"21":{"loc":{"start":{"line":334,"column":7},"end":{"line":334,"column":19}},"type":"binary-expr","locations":[{"start":{"line":334,"column":7},"end":{"line":334,"column":11}},{"start":{"line":334,"column":15},"end":{"line":334,"column":19}}],"line":334},"22":{"loc":{"start":{"line":340,"column":4},"end":{"line":345,"column":13}},"type":"if","locations":[{"start":{"line":340,"column":4},"end":{"line":345,"column":13}},{"start":{"line":340,"column":4},"end":{"line":345,"column":13}}],"line":340},"23":{"loc":{"start":{"line":340,"column":7},"end":{"line":340,"column":29}},"type":"binary-expr","locations":[{"start":{"line":340,"column":7},"end":{"line":340,"column":11}},{"start":{"line":340,"column":15},"end":{"line":340,"column":20}},{"start":{"line":340,"column":24},"end":{"line":340,"column":29}}],"line":340},"24":{"loc":{"start":{"line":346,"column":4},"end":{"line":350,"column":3}},"type":"if","locations":[{"start":{"line":346,"column":4},"end":{"line":350,"column":3}},{"start":{"line":346,"column":4},"end":{"line":350,"column":3}}],"line":346},"25":{"loc":{"start":{"line":357,"column":2},"end":{"line":361,"column":3}},"type":"if","locations":[{"start":{"line":357,"column":2},"end":{"line":361,"column":3}},{"start":{"line":357,"column":2},"end":{"line":361,"column":3}}],"line":357},"26":{"loc":{"start":{"line":357,"column":5},"end":{"line":357,"column":13}},"type":"binary-expr","locations":[{"start":{"line":357,"column":5},"end":{"line":357,"column":6}},{"start":{"line":357,"column":8},"end":{"line":357,"column":13}}],"line":357},"27":{"loc":{"start":{"line":362,"column":2},"end":{"line":365,"column":3}},"type":"if","locations":[{"start":{"line":362,"column":2},"end":{"line":365,"column":3}},{"start":{"line":362,"column":2},"end":{"line":365,"column":3}}],"line":362},"28":{"loc":{"start":{"line":362,"column":5},"end":{"line":362,"column":53}},"type":"binary-expr","locations":[{"start":{"line":362,"column":5},"end":{"line":362,"column":13}},{"start":{"line":362,"column":17},"end":{"line":362,"column":23}},{"start":{"line":362,"column":27},"end":{"line":362,"column":43}},{"start":{"line":362,"column":47},"end":{"line":362,"column":53}}],"line":362},"29":{"loc":{"start":{"line":366,"column":2},"end":{"line":369,"column":3}},"type":"if","locations":[{"start":{"line":366,"column":2},"end":{"line":369,"column":3}},{"start":{"line":366,"column":2},"end":{"line":369,"column":3}}],"line":366},"30":{"loc":{"start":{"line":366,"column":5},"end":{"line":366,"column":70}},"type":"binary-expr","locations":[{"start":{"line":366,"column":5},"end":{"line":366,"column":12}},{"start":{"line":366,"column":16},"end":{"line":366,"column":22}},{"start":{"line":366,"column":26},"end":{"line":366,"column":41}},{"start":{"line":366,"column":45},"end":{"line":366,"column":59}},{"start":{"line":366,"column":63},"end":{"line":366,"column":70}}],"line":366},"31":{"loc":{"start":{"line":370,"column":2},"end":{"line":373,"column":3}},"type":"if","locations":[{"start":{"line":370,"column":2},"end":{"line":373,"column":3}},{"start":{"line":370,"column":2},"end":{"line":373,"column":3}}],"line":370},"32":{"loc":{"start":{"line":370,"column":5},"end":{"line":370,"column":71}},"type":"binary-expr","locations":[{"start":{"line":370,"column":5},"end":{"line":370,"column":13}},{"start":{"line":370,"column":17},"end":{"line":370,"column":23}},{"start":{"line":370,"column":27},"end":{"line":370,"column":42}},{"start":{"line":370,"column":46},"end":{"line":370,"column":60}},{"start":{"line":370,"column":64},"end":{"line":370,"column":71}}],"line":370},"33":{"loc":{"start":{"line":374,"column":2},"end":{"line":377,"column":3}},"type":"if","locations":[{"start":{"line":374,"column":2},"end":{"line":377,"column":3}},{"start":{"line":374,"column":2},"end":{"line":377,"column":3}}],"line":374},"34":{"loc":{"start":{"line":374,"column":5},"end":{"line":374,"column":70}},"type":"binary-expr","locations":[{"start":{"line":374,"column":5},"end":{"line":374,"column":21}},{"start":{"line":374,"column":25},"end":{"line":374,"column":31}},{"start":{"line":374,"column":35},"end":{"line":374,"column":50}},{"start":{"line":374,"column":54},"end":{"line":374,"column":60}},{"start":{"line":374,"column":64},"end":{"line":374,"column":70}}],"line":374},"35":{"loc":{"start":{"line":384,"column":2},"end":{"line":387,"column":3}},"type":"if","locations":[{"start":{"line":384,"column":2},"end":{"line":387,"column":3}},{"start":{"line":384,"column":2},"end":{"line":387,"column":3}}],"line":384},"36":{"loc":{"start":{"line":384,"column":5},"end":{"line":384,"column":42}},"type":"binary-expr","locations":[{"start":{"line":384,"column":5},"end":{"line":384,"column":12}},{"start":{"line":384,"column":14},"end":{"line":384,"column":21}},{"start":{"line":384,"column":25},"end":{"line":384,"column":42}}],"line":384},"37":{"loc":{"start":{"line":388,"column":2},"end":{"line":391,"column":3}},"type":"if","locations":[{"start":{"line":388,"column":2},"end":{"line":391,"column":3}},{"start":{"line":388,"column":2},"end":{"line":391,"column":3}}],"line":388},"38":{"loc":{"start":{"line":388,"column":5},"end":{"line":388,"column":40}},"type":"binary-expr","locations":[{"start":{"line":388,"column":5},"end":{"line":388,"column":19}},{"start":{"line":388,"column":23},"end":{"line":388,"column":29}},{"start":{"line":388,"column":33},"end":{"line":388,"column":40}}],"line":388},"39":{"loc":{"start":{"line":392,"column":4},"end":{"line":395,"column":5}},"type":"if","locations":[{"start":{"line":392,"column":4},"end":{"line":395,"column":5}},{"start":{"line":392,"column":4},"end":{"line":395,"column":5}}],"line":392},"40":{"loc":{"start":{"line":392,"column":7},"end":{"line":392,"column":56}},"type":"binary-expr","locations":[{"start":{"line":392,"column":7},"end":{"line":392,"column":20}},{"start":{"line":392,"column":24},"end":{"line":392,"column":45}},{"start":{"line":392,"column":49},"end":{"line":392,"column":56}}],"line":392},"41":{"loc":{"start":{"line":396,"column":4},"end":{"line":399,"column":5}},"type":"if","locations":[{"start":{"line":396,"column":4},"end":{"line":399,"column":5}},{"start":{"line":396,"column":4},"end":{"line":399,"column":5}}],"line":396},"42":{"loc":{"start":{"line":396,"column":7},"end":{"line":396,"column":33}},"type":"binary-expr","locations":[{"start":{"line":396,"column":7},"end":{"line":396,"column":13}},{"start":{"line":396,"column":17},"end":{"line":396,"column":23}},{"start":{"line":396,"column":27},"end":{"line":396,"column":33}}],"line":396},"43":{"loc":{"start":{"line":400,"column":4},"end":{"line":403,"column":5}},"type":"if","locations":[{"start":{"line":400,"column":4},"end":{"line":403,"column":5}},{"start":{"line":400,"column":4},"end":{"line":403,"column":5}}],"line":400},"44":{"loc":{"start":{"line":400,"column":7},"end":{"line":400,"column":63}},"type":"binary-expr","locations":[{"start":{"line":400,"column":7},"end":{"line":400,"column":28}},{"start":{"line":400,"column":32},"end":{"line":400,"column":53}},{"start":{"line":400,"column":57},"end":{"line":400,"column":63}}],"line":400},"45":{"loc":{"start":{"line":404,"column":4},"end":{"line":407,"column":5}},"type":"if","locations":[{"start":{"line":404,"column":4},"end":{"line":407,"column":5}},{"start":{"line":404,"column":4},"end":{"line":407,"column":5}}],"line":404},"46":{"loc":{"start":{"line":404,"column":7},"end":{"line":404,"column":42}},"type":"binary-expr","locations":[{"start":{"line":404,"column":7},"end":{"line":404,"column":21}},{"start":{"line":404,"column":25},"end":{"line":404,"column":31}},{"start":{"line":404,"column":35},"end":{"line":404,"column":42}}],"line":404},"47":{"loc":{"start":{"line":408,"column":6},"end":{"line":411,"column":7}},"type":"if","locations":[{"start":{"line":408,"column":6},"end":{"line":411,"column":7}},{"start":{"line":408,"column":6},"end":{"line":411,"column":7}}],"line":408},"48":{"loc":{"start":{"line":408,"column":9},"end":{"line":408,"column":57}},"type":"binary-expr","locations":[{"start":{"line":408,"column":9},"end":{"line":408,"column":22}},{"start":{"line":408,"column":26},"end":{"line":408,"column":47}},{"start":{"line":408,"column":50},"end":{"line":408,"column":57}}],"line":408},"49":{"loc":{"start":{"line":419,"column":3},"end":{"line":422,"column":4}},"type":"if","locations":[{"start":{"line":419,"column":3},"end":{"line":422,"column":4}},{"start":{"line":419,"column":3},"end":{"line":422,"column":4}}],"line":419},"50":{"loc":{"start":{"line":423,"column":3},"end":{"line":426,"column":4}},"type":"if","locations":[{"start":{"line":423,"column":3},"end":{"line":426,"column":4}},{"start":{"line":423,"column":3},"end":{"line":426,"column":4}}],"line":423},"51":{"loc":{"start":{"line":427,"column":3},"end":{"line":430,"column":4}},"type":"if","locations":[{"start":{"line":427,"column":3},"end":{"line":430,"column":4}},{"start":{"line":427,"column":3},"end":{"line":430,"column":4}}],"line":427},"52":{"loc":{"start":{"line":431,"column":3},"end":{"line":436,"column":4}},"type":"if","locations":[{"start":{"line":431,"column":3},"end":{"line":436,"column":4}},{"start":{"line":431,"column":3},"end":{"line":436,"column":4}}],"line":431}},"s":{"0":1,"1":1,"2":0,"3":1,"4":1,"5":1,"6":1,"7":1,"8":1,"9":1,"10":1,"11":1,"12":1,"13":1,"14":1,"15":1,"16":1,"17":1,"18":1,"19":1,"20":1,"21":1,"22":1,"23":1,"24":1,"25":1,"26":1,"27":1,"28":1,"29":1,"30":1,"31":1,"32":1,"33":1,"34":1,"35":0,"36":0,"37":0,"38":0,"39":0,"40":0,"41":0,"42":0,"43":0,"44":0,"45":0,"46":0,"47":0,"48":0,"49":0,"50":0,"51":0,"52":0,"53":1,"54":0,"55":0,"56":0,"57":0,"58":0,"59":0,"60":0,"61":0,"62":1,"63":1,"64":0,"65":0,"66":0,"67":0,"68":0,"69":0,"70":0,"71":0,"72":0,"73":0,"74":0,"75":0,"76":0,"77":0,"78":0,"79":0,"80":0,"81":0,"82":1,"83":0,"84":0,"85":0,"86":0,"87":1,"88":0,"89":0,"90":0,"91":0,"92":1,"93":0,"94":0,"95":0,"96":0,"97":1,"98":1,"99":0,"100":0,"101":0,"102":0,"103":0,"104":0,"105":0,"106":0,"107":0,"108":0,"109":0,"110":0,"111":0,"112":0,"113":0,"114":0,"115":0,"116":0,"117":0,"118":0,"119":0,"120":0,"121":0,"122":0,"123":0,"124":0,"125":0,"126":0,"127":0,"128":0,"129":0,"130":0,"131":0,"132":0,"133":0,"134":0,"135":0,"136":0,"137":0,"138":0,"139":0,"140":0,"141":0,"142":0,"143":0,"144":0,"145":0,"146":0,"147":0,"148":0,"149":0,"150":0,"151":0,"152":0,"153":0,"154":0,"155":0,"156":0,"157":0,"158":0,"159":0,"160":0,"161":0,"162":0,"163":0,"164":0,"165":0,"166":0,"167":0,"168":0,"169":0,"170":0,"171":0,"172":0,"173":0,"174":0,"175":0,"176":0,"177":0,"178":0,"179":0,"180":0,"181":0,"182":0,"183":0,"184":0,"185":0,"186":0,"187":0,"188":0,"189":0,"190":0,"191":0,"192":0,"193":0,"194":0,"195":0,"196":0,"197":0,"198":0,"199":0,"200":0,"201":0,"202":0,"203":0,"204":0,"205":0,"206":0,"207":0,"208":0,"209":0,"210":0,"211":0,"212":0,"213":0,"214":0,"215":0,"216":0,"217":0,"218":0,"219":0,"220":0,"221":0,"222":0,"223":0,"224":0,"225":0,"226":0,"227":0,"228":0,"229":0,"230":0,"231":0,"232":0,"233":0,"234":0,"235":0,"236":0,"237":0,"238":0,"239":0,"240":0,"241":0,"242":0,"243":0,"244":0,"245":0,"246":0,"247":0,"248":0,"249":0,"250":0,"251":0,"252":0,"253":0,"254":0,"255":0,"256":0,"257":0,"258":0,"259":0,"260":0,"261":0,"262":0,"263":0,"264":0,"265":0,"266":0,"267":0,"268":0,"269":0,"270":0,"271":0,"272":0,"273":0,"274":0,"275":0,"276":0,"277":0,"278":0,"279":0,"280":0,"281":0,"282":0,"283":0,"284":0,"285":0,"286":0,"287":0,"288":0,"289":0,"290":0,"291":0,"292":0,"293":0,"294":0,"295":0,"296":1,"297":1},"f":{"0":0,"1":1,"2":0,"3":1,"4":0,"5":0,"6":0,"7":0,"8":0},"b":{"0":[0,0],"1":[0,0],"2":[0,0,0,0,1,0,0,0,0,0,0,0,0,0],"3":[0,1],"4":[0,1],"5":[1,0,0],"6":[0,1],"7":[1,0,0],"8":[1,0],"9":[0,0,0,0,0,0,0,0,0,0,0,0,0,0],"10":[0,0],"11":[0,0,0],"12":[0,0],"13":[0,0,0],"14":[0,0],"15":[0,0,0,0,0,0,0,0,0,0,0,0,0,0],"16":[0,0],"17":[0,0,0],"18":[0,0],"19":[0,0],"20":[0,0],"21":[0,0],"22":[0,0],"23":[0,0,0],"24":[0,0],"25":[0,0],"26":[0,0],"27":[0,0],"28":[0,0,0,0],"29":[0,0],"30":[0,0,0,0,0],"31":[0,0],"32":[0,0,0,0,0],"33":[0,0],"34":[0,0,0,0,0],"35":[0,0],"36":[0,0,0],"37":[0,0],"38":[0,0,0],"39":[0,0],"40":[0,0,0],"41":[0,0],"42":[0,0,0],"43":[0,0],"44":[0,0,0],"45":[0,0],"46":[0,0,0],"47":[0,0],"48":[0,0,0],"49":[0,0],"50":[0,0],"51":[0,0],"52":[0,0]},"_coverageSchema":"1a1c01bbd47fc00a2c39e90264f33305004495a9","hash":"41f4c765214fa0bd576a802bba756475de4d8dff"}
}
