TN:
SF:app.js
FN:9,(anonymous_0)
FN:45,dealer
FN:63,random
FN:89,dealerAddscores
FN:177,p1addscore
FN:260,p2addscore
FN:355,hold
FN:383,wincheck
FN:417,playagain
FNF:9
FNH:2
FNDA:0,(anonymous_0)
FNDA:1,dealer
FNDA:0,random
FNDA:1,dealerAddscores
FNDA:0,p1addscore
FNDA:0,p2addscore
FNDA:0,hold
FNDA:0,wincheck
FNDA:0,playagain
DA:4,1
DA:9,1
DA:10,0
DA:15,1
DA:16,1
DA:17,1
DA:18,1
DA:19,1
DA:20,1
DA:21,1
DA:22,1
DA:23,1
DA:24,1
DA:25,1
DA:26,1
DA:27,1
DA:28,1
DA:29,1
DA:30,1
DA:31,1
DA:32,1
DA:33,1
DA:37,1
DA:38,1
DA:39,1
DA:44,1
DA:47,1
DA:48,1
DA:49,1
DA:50,1
DA:51,1
DA:52,1
DA:53,1
DA:55,1
DA:56,1
DA:65,0
DA:66,0
DA:67,0
DA:68,0
DA:69,0
DA:70,0
DA:71,0
DA:72,0
DA:73,0
DA:74,0
DA:75,0
DA:76,0
DA:77,0
DA:78,0
DA:79,0
DA:80,0
DA:81,0
DA:82,0
DA:90,1
DA:92,0
DA:94,0
DA:96,0
DA:98,0
DA:100,0
DA:102,0
DA:104,0
DA:106,0
DA:108,1
DA:110,1
DA:112,0
DA:114,0
DA:116,0
DA:118,0
DA:120,0
DA:122,0
DA:124,0
DA:126,0
DA:128,0
DA:130,0
DA:132,0
DA:134,0
DA:136,0
DA:138,0
DA:140,0
DA:142,0
DA:144,0
DA:145,0
DA:150,1
DA:151,0
DA:152,0
DA:154,0
DA:155,0
DA:156,1
DA:157,0
DA:158,0
DA:160,0
DA:161,0
DA:162,1
DA:163,0
DA:164,0
DA:166,0
DA:167,0
DA:168,1
DA:170,1
DA:178,0
DA:180,0
DA:181,0
DA:182,0
DA:184,0
DA:185,0
DA:186,0
DA:188,0
DA:189,0
DA:190,0
DA:192,0
DA:193,0
DA:194,0
DA:196,0
DA:197,0
DA:198,0
DA:200,0
DA:201,0
DA:202,0
DA:204,0
DA:205,0
DA:206,0
DA:208,0
DA:209,0
DA:210,0
DA:212,0
DA:213,0
DA:214,0
DA:216,0
DA:217,0
DA:218,0
DA:220,0
DA:221,0
DA:222,0
DA:224,0
DA:225,0
DA:226,0
DA:228,0
DA:229,0
DA:230,0
DA:232,0
DA:233,0
DA:238,0
DA:239,0
DA:240,0
DA:241,0
DA:242,0
DA:243,0
DA:244,0
DA:245,0
DA:246,0
DA:247,0
DA:248,0
DA:249,0
DA:251,0
DA:252,0
DA:253,0
DA:254,0
DA:262,0
DA:264,0
DA:265,0
DA:266,0
DA:268,0
DA:269,0
DA:270,0
DA:272,0
DA:273,0
DA:274,0
DA:276,0
DA:277,0
DA:278,0
DA:280,0
DA:281,0
DA:282,0
DA:284,0
DA:285,0
DA:286,0
DA:288,0
DA:289,0
DA:290,0
DA:292,0
DA:293,0
DA:294,0
DA:296,0
DA:297,0
DA:298,0
DA:300,0
DA:301,0
DA:302,0
DA:304,0
DA:305,0
DA:306,0
DA:308,0
DA:309,0
DA:310,0
DA:312,0
DA:313,0
DA:314,0
DA:316,0
DA:317,0
DA:322,0
DA:323,0
DA:324,0
DA:325,0
DA:326,0
DA:327,0
DA:328,0
DA:329,0
DA:330,0
DA:331,0
DA:332,0
DA:333,0
DA:334,0
DA:335,0
DA:336,0
DA:337,0
DA:338,0
DA:339,0
DA:340,0
DA:341,0
DA:342,0
DA:343,0
DA:344,0
DA:345,0
DA:346,0
DA:347,0
DA:348,0
DA:349,0
DA:356,0
DA:357,0
DA:358,0
DA:359,0
DA:360,0
DA:362,0
DA:363,0
DA:364,0
DA:366,0
DA:367,0
DA:368,0
DA:370,0
DA:371,0
DA:372,0
DA:374,0
DA:375,0
DA:376,0
DA:378,0
DA:384,0
DA:385,0
DA:386,0
DA:388,0
DA:389,0
DA:390,0
DA:392,0
DA:393,0
DA:394,0
DA:396,0
DA:397,0
DA:398,0
DA:400,0
DA:401,0
DA:402,0
DA:404,0
DA:405,0
DA:406,0
DA:408,0
DA:409,0
DA:410,0
DA:418,0
DA:419,0
DA:420,0
DA:421,0
DA:423,0
DA:424,0
DA:425,0
DA:427,0
DA:428,0
DA:429,0
DA:431,0
DA:432,0
DA:433,0
DA:434,0
DA:435,0
DA:438,0
DA:439,0
DA:441,0
DA:444,0
DA:445,0
DA:446,0
DA:447,0
DA:448,0
DA:449,0
DA:450,0
DA:451,0
DA:452,0
DA:453,0
DA:454,0
DA:455,0
DA:458,1
DA:459,1
LF:298
LH:44
BRDA:72,0,0,0
BRDA:72,0,1,0
BRDA:78,1,0,0
BRDA:78,1,1,0
BRDA:90,2,0,0
BRDA:90,2,1,0
BRDA:90,2,2,0
BRDA:90,2,3,0
BRDA:90,2,4,1
BRDA:90,2,5,0
BRDA:90,2,6,0
BRDA:90,2,7,0
BRDA:90,2,8,0
BRDA:90,2,9,0
BRDA:90,2,10,0
BRDA:90,2,11,0
BRDA:90,2,12,0
BRDA:90,2,13,0
BRDA:150,3,0,0
BRDA:150,3,1,1
BRDA:156,4,0,0
BRDA:156,4,1,1
BRDA:156,5,0,1
BRDA:156,5,1,0
BRDA:156,5,2,0
BRDA:162,6,0,0
BRDA:162,6,1,1
BRDA:162,7,0,1
BRDA:162,7,1,0
BRDA:162,7,2,0
BRDA:168,8,0,1
BRDA:168,8,1,0
BRDA:178,9,0,0
BRDA:178,9,1,0
BRDA:178,9,2,0
BRDA:178,9,3,0
BRDA:178,9,4,0
BRDA:178,9,5,0
BRDA:178,9,6,0
BRDA:178,9,7,0
BRDA:178,9,8,0
BRDA:178,9,9,0
BRDA:178,9,10,0
BRDA:178,9,11,0
BRDA:178,9,12,0
BRDA:178,9,13,0
BRDA:238,10,0,0
BRDA:238,10,1,0
BRDA:238,11,0,0
BRDA:238,11,1,0
BRDA:238,11,2,0
BRDA:244,12,0,0
BRDA:244,12,1,0
BRDA:244,13,0,0
BRDA:244,13,1,0
BRDA:244,13,2,0
BRDA:251,14,0,0
BRDA:251,14,1,0
BRDA:262,15,0,0
BRDA:262,15,1,0
BRDA:262,15,2,0
BRDA:262,15,3,0
BRDA:262,15,4,0
BRDA:262,15,5,0
BRDA:262,15,6,0
BRDA:262,15,7,0
BRDA:262,15,8,0
BRDA:262,15,9,0
BRDA:262,15,10,0
BRDA:262,15,11,0
BRDA:262,15,12,0
BRDA:262,15,13,0
BRDA:322,16,0,0
BRDA:322,16,1,0
BRDA:322,17,0,0
BRDA:322,17,1,0
BRDA:322,17,2,0
BRDA:328,18,0,0
BRDA:328,18,1,0
BRDA:328,19,0,0
BRDA:328,19,1,0
BRDA:334,20,0,0
BRDA:334,20,1,0
BRDA:334,21,0,0
BRDA:334,21,1,0
BRDA:340,22,0,0
BRDA:340,22,1,0
BRDA:340,23,0,0
BRDA:340,23,1,0
BRDA:340,23,2,0
BRDA:346,24,0,0
BRDA:346,24,1,0
BRDA:357,25,0,0
BRDA:357,25,1,0
BRDA:357,26,0,0
BRDA:357,26,1,0
BRDA:362,27,0,0
BRDA:362,27,1,0
BRDA:362,28,0,0
BRDA:362,28,1,0
BRDA:362,28,2,0
BRDA:362,28,3,0
BRDA:366,29,0,0
BRDA:366,29,1,0
BRDA:366,30,0,0
BRDA:366,30,1,0
BRDA:366,30,2,0
BRDA:366,30,3,0
BRDA:366,30,4,0
BRDA:370,31,0,0
BRDA:370,31,1,0
BRDA:370,32,0,0
BRDA:370,32,1,0
BRDA:370,32,2,0
BRDA:370,32,3,0
BRDA:370,32,4,0
BRDA:374,33,0,0
BRDA:374,33,1,0
BRDA:374,34,0,0
BRDA:374,34,1,0
BRDA:374,34,2,0
BRDA:374,34,3,0
BRDA:374,34,4,0
BRDA:384,35,0,0
BRDA:384,35,1,0
BRDA:384,36,0,0
BRDA:384,36,1,0
BRDA:384,36,2,0
BRDA:388,37,0,0
BRDA:388,37,1,0
BRDA:388,38,0,0
BRDA:388,38,1,0
BRDA:388,38,2,0
BRDA:392,39,0,0
BRDA:392,39,1,0
BRDA:392,40,0,0
BRDA:392,40,1,0
BRDA:392,40,2,0
BRDA:396,41,0,0
BRDA:396,41,1,0
BRDA:396,42,0,0
BRDA:396,42,1,0
BRDA:396,42,2,0
BRDA:400,43,0,0
BRDA:400,43,1,0
BRDA:400,44,0,0
BRDA:400,44,1,0
BRDA:400,44,2,0
BRDA:404,45,0,0
BRDA:404,45,1,0
BRDA:404,46,0,0
BRDA:404,46,1,0
BRDA:404,46,2,0
BRDA:408,47,0,0
BRDA:408,47,1,0
BRDA:408,48,0,0
BRDA:408,48,1,0
BRDA:408,48,2,0
BRDA:419,49,0,0
BRDA:419,49,1,0
BRDA:423,50,0,0
BRDA:423,50,1,0
BRDA:427,51,0,0
BRDA:427,51,1,0
BRDA:431,52,0,0
BRDA:431,52,1,0
BRF:166
BRH:7
end_of_record
